
yarn install v1.19.1
[1/5] Validating package.json...
[2/5] Resolving packages...
[3/5] Fetching packages...
info fsevents@1.2.9: The platform "win32" is incompatible with this module.
info "fsevents@1.2.9" is an optional dependency and failed compatibility check. Excluding it from installation.
[4/5] Linking dependencies...
[5/5] Building fresh packages...
error E:\project\test\app-platform\node_modules\chromedriver: Command failed.
Exit code: 1
Command: node install.js
Arguments: 
Directory: E:\project\test\app-platform\node_modules\chromedriver
Output:
Current existing ChromeDriver binary is unavailable, proceding with download and extraction.
Downloading from file:  https://chromedriver.storage.googleapis.com/2.46/chromedriver_win32.zip
Saving to file: C:\Users\ADMINI~1\AppData\Local\Temp\2.46\chromedriver\chromedriver_win32.zip
ChromeDriver installation failed Error with http(s) request: Error: read ECONNRESET
info Visit https://yarnpkg.com/en/docs/cli/install for documentation about this command.
yarn install v1.19.1
info No lockfile found.
[1/5] Validating package.json...
[2/5] Resolving packages...
warning autoprefixer > browserslist@2.11.3: Browserslist 2 could fail on reading Browserslist >3.0 config used in other tools.
warning babel-core > babel-runtime > core-js@2.6.11: core-js@<3 is no longer maintained and not recommended for usage due to the number of issues. Please, upgrade your dependencies to the actual version of core-js@3.
warning babel-core > babel-register > core-js@2.6.11: core-js@<3 is no longer maintained and not recommended for usage due to the number of issues. Please, upgrade your dependencies to the actual version of core-js@3.
warning css-loader > cssnano > autoprefixer > browserslist@1.7.7: Browserslist 2 could fail on reading Browserslist >3.0 config used in other tools.
warning css-loader > cssnano > postcss-merge-rules > browserslist@1.7.7: Browserslist 2 could fail on reading Browserslist >3.0 config used in other tools.
warning css-loader > cssnano > postcss-merge-rules > caniuse-api > browserslist@1.7.7: Browserslist 2 could fail on reading Browserslist >3.0 config used in other tools.
warning nightwatch > mocha-nightwatch > json3@3.3.2: Please use the native JSON object instead of JSON 3
warning nightwatch > proxy-agent > socks-proxy-agent > socks@1.1.10: If using 2.x branch, please upgrade to at least 2.1.6 to avoid a serious bug with socket data flow and an import issue introduced in 2.1.0
warning webpack-bundle-analyzer > bfj-node4@5.3.1: Switch to the `bfj` package for fixes and new features!
[3/5] Fetching packages...
info fsevents@1.2.11: The platform "win32" is incompatible with this module.
info "fsevents@1.2.11" is an optional dependency and failed compatibility check. Excluding it from installation.
[4/5] Linking dependencies...
[5/5] Building fresh packages...
error E:\project\test\app-platform\node_modules\chromedriver: Command failed.
Exit code: 1
Command: node install.js
Arguments: 
Directory: E:\project\test\app-platform\node_modules\chromedriver
Output:
Current existing ChromeDriver binary is unavailable, proceding with download and extraction.
Downloading from file:  https://chromedriver.storage.googleapis.com/2.46/chromedriver_win32.zip
Saving to file: C:\Users\ADMINI~1\AppData\Local\Temp\2.46\chromedriver\chromedriver_win32.zip
ChromeDriver installation failed Error with http(s) request: Error: read ECONNRESET
info Visit https://yarnpkg.com/en/docs/cli/install for documentation about this command.
yarn install v1.19.1
info No lockfile found.
[1/4] Resolving packages...
[2/4] Fetching packages...
[3/4] Linking dependencies...
[4/4] Building fresh packages...
success Saved lockfile.
Done in 0.05s.
